This is pdfTeX, Version 3.141592653-2.6-1.40.25 (TeX Live 2023/nixos.org) (preloaded format=pdflatex 1980.1.1)  11 SEP 2024 00:57
entering extended mode
 restricted \write18 enabled.
 file:line:error style messages enabled.
 %&-line parsing enabled.
**hw02.tex
(./hw02.tex
LaTeX2e <2023-11-01> patch level 1
L3 programming layer <2024-02-20>
(/nix/store/wlrmmxnhj6byn88ag8sdckhlbr5bpk24-texlive-combined-full-2023-final-texmfdist/tex/latex/amscls/amsart.cls
Document Class: amsart 2020/05/29 v2.20.6
\linespacing=\dimen140
\normalparindent=\dimen141
\normaltopskip=\skip48
(/nix/store/wlrmmxnhj6byn88ag8sdckhlbr5bpk24-texlive-combined-full-2023-final-texmfdist/tex/latex/amsmath/amsmath.sty
Package: amsmath 2023/05/13 v2.17o AMS math features
\@mathmargin=\skip49

For additional information on amsmath, use the `?' option.
(/nix/store/wlrmmxnhj6byn88ag8sdckhlbr5bpk24-texlive-combined-full-2023-final-texmfdist/tex/latex/amsmath/amstext.sty
Package: amstext 2021/08/26 v2.01 AMS text
 (/nix/store/wlrmmxnhj6byn88ag8sdckhlbr5bpk24-texlive-combined-full-2023-final-texmfdist/tex/latex/amsmath/amsgen.sty
File: amsgen.sty 1999/11/30 v2.0 generic functions
\@emptytoks=\toks17
\ex@=\dimen142
)) (/nix/store/wlrmmxnhj6byn88ag8sdckhlbr5bpk24-texlive-combined-full-2023-final-texmfdist/tex/latex/amsmath/amsbsy.sty
Package: amsbsy 1999/11/29 v1.2d Bold Symbols
\pmbraise@=\dimen143
) (/nix/store/wlrmmxnhj6byn88ag8sdckhlbr5bpk24-texlive-combined-full-2023-final-texmfdist/tex/latex/amsmath/amsopn.sty
Package: amsopn 2022/04/08 v2.04 operator names
)
\inf@bad=\count188
LaTeX Info: Redefining \frac on input line 234.
\uproot@=\count189
\leftroot@=\count190
LaTeX Info: Redefining \overline on input line 399.
LaTeX Info: Redefining \colon on input line 410.
\classnum@=\count191
\DOTSCASE@=\count192
LaTeX Info: Redefining \ldots on input line 496.
LaTeX Info: Redefining \dots on input line 499.
LaTeX Info: Redefining \cdots on input line 620.
\Mathstrutbox@=\box51
\strutbox@=\box52
LaTeX Info: Redefining \big on input line 722.
LaTeX Info: Redefining \Big on input line 723.
LaTeX Info: Redefining \bigg on input line 724.
LaTeX Info: Redefining \Bigg on input line 725.
\big@size=\dimen144
LaTeX Font Info:    Redeclaring font encoding OML on input line 743.
LaTeX Font Info:    Redeclaring font encoding OMS on input line 744.
\macc@depth=\count193
LaTeX Info: Redefining \bmod on input line 905.
LaTeX Info: Redefining \pmod on input line 910.
LaTeX Info: Redefining \smash on input line 940.
LaTeX Info: Redefining \relbar on input line 970.
LaTeX Info: Redefining \Relbar on input line 971.
\c@MaxMatrixCols=\count194
\dotsspace@=\muskip16
\c@parentequation=\count195
\dspbrk@lvl=\count196
\tag@help=\toks18
\row@=\count197
\column@=\count198
\maxfields@=\count199
\andhelp@=\toks19
\eqnshift@=\dimen145
\alignsep@=\dimen146
\tagshift@=\dimen147
\tagwidth@=\dimen148
\totwidth@=\dimen149
\lineht@=\dimen150
\@envbody=\toks20
\multlinegap=\skip50
\multlinetaggap=\skip51
\mathdisplay@stack=\toks21
LaTeX Info: Redefining \[ on input line 2953.
LaTeX Info: Redefining \] on input line 2954.
)
LaTeX Font Info:    Trying to load font information for U+msa on input line 397.
 (/nix/store/wlrmmxnhj6byn88ag8sdckhlbr5bpk24-texlive-combined-full-2023-final-texmfdist/tex/latex/amsfonts/umsa.fd
File: umsa.fd 2013/01/14 v3.01 AMS symbols A
) (/nix/store/wlrmmxnhj6byn88ag8sdckhlbr5bpk24-texlive-combined-full-2023-final-texmfdist/tex/latex/amsfonts/amsfonts.sty
Package: amsfonts 2013/01/14 v3.01 Basic AMSFonts support
\symAMSa=\mathgroup4
\symAMSb=\mathgroup5
LaTeX Font Info:    Redeclaring math symbol \hbar on input line 98.
LaTeX Font Info:    Overwriting math alphabet `\mathfrak' in version `bold'
(Font)                  U/euf/m/n --> U/euf/b/n on input line 106.
)
\copyins=\insert252
\abstractbox=\box53
\listisep=\skip52
\c@part=\count266
\c@section=\count267
\c@subsection=\count268
\c@subsubsection=\count269
\c@paragraph=\count270
\c@subparagraph=\count271
\c@figure=\count272
\c@table=\count273
\abovecaptionskip=\skip53
\belowcaptionskip=\skip54
\captionindent=\dimen151
\thm@style=\toks22
\thm@bodyfont=\toks23
\thm@headfont=\toks24
\thm@notefont=\toks25
\thm@headpunct=\toks26
\thm@preskip=\skip55
\thm@postskip=\skip56
\thm@headsep=\skip57
\dth@everypar=\toks27
) (/nix/store/wlrmmxnhj6byn88ag8sdckhlbr5bpk24-texlive-combined-full-2023-final-texmfdist/tex/latex/geometry/geometry.sty
Package: geometry 2020/01/02 v5.9 Page Geometry
 (/nix/store/wlrmmxnhj6byn88ag8sdckhlbr5bpk24-texlive-combined-full-2023-final-texmfdist/tex/latex/graphics/keyval.sty
Package: keyval 2022/05/29 v1.15 key=value parser (DPC)
\KV@toks@=\toks28
) (/nix/store/wlrmmxnhj6byn88ag8sdckhlbr5bpk24-texlive-combined-full-2023-final-texmfdist/tex/generic/iftex/ifvtex.sty
Package: ifvtex 2019/10/25 v1.7 ifvtex legacy package. Use iftex instead.
 (/nix/store/wlrmmxnhj6byn88ag8sdckhlbr5bpk24-texlive-combined-full-2023-final-texmfdist/tex/generic/iftex/iftex.sty
Package: iftex 2022/02/03 v1.0f TeX engine tests
))
\Gm@cnth=\count274
\Gm@cntv=\count275
\c@Gm@tempcnt=\count276
\Gm@bindingoffset=\dimen152
\Gm@wd@mp=\dimen153
\Gm@odd@mp=\dimen154
\Gm@even@mp=\dimen155
\Gm@layoutwidth=\dimen156
\Gm@layoutheight=\dimen157
\Gm@layouthoffset=\dimen158
\Gm@layoutvoffset=\dimen159
\Gm@dimlist=\toks29
) (/nix/store/wlrmmxnhj6byn88ag8sdckhlbr5bpk24-texlive-combined-full-2023-final-texmfdist/tex/latex/versions/versions.sty
Package: versions 2005/04/28 v0.55 ignore passages optionally (UL)

*** `comment' excluded. ***
)
*** `solution' excluded. ***
*** `grading' excluded. ***
(/nix/store/wlrmmxnhj6byn88ag8sdckhlbr5bpk24-texlive-combined-full-2023-final-texmfdist/tex/latex/amsfonts/amssymb.sty
Package: amssymb 2013/01/14 v3.01 AMS font symbols
)

./hw02.tex:19: LaTeX Error: Option clash for package geometry.

See the LaTeX manual or LaTeX Companion for explanation.
Type  H <return>  for immediate help.
 ...                                              
                                                  
l.19 
     
The package geometry has already been loaded with options:
  []
There has now been an attempt to load it with options
  [lmargin=71pt, tmargin=1.2in]
Adding the global options:
  ,lmargin=71pt, tmargin=1.2in
to your \documentclass declaration may fix this.
Try typing  <return>  to proceed.

(/nix/store/wlrmmxnhj6byn88ag8sdckhlbr5bpk24-texlive-combined-full-2023-final-texmfdist/tex/latex/l3backend/l3backend-pdftex.def
File: l3backend-pdftex.def 2024-02-20 L3 backend support: PDF output (pdfTeX)
\l__color_backend_stack_int=\count277
\l__pdf_internal_box=\box54
) (./hw02.aux)
\openout1 = `hw02.aux'.

LaTeX Font Info:    Checking defaults for OML/cmm/m/it on input line 44.
LaTeX Font Info:    ... okay on input line 44.
LaTeX Font Info:    Checking defaults for OMS/cmsy/m/n on input line 44.
LaTeX Font Info:    ... okay on input line 44.
LaTeX Font Info:    Checking defaults for OT1/cmr/m/n on input line 44.
LaTeX Font Info:    ... okay on input line 44.
LaTeX Font Info:    Checking defaults for T1/cmr/m/n on input line 44.
LaTeX Font Info:    ... okay on input line 44.
LaTeX Font Info:    Checking defaults for TS1/cmr/m/n on input line 44.
LaTeX Font Info:    ... okay on input line 44.
LaTeX Font Info:    Checking defaults for OMX/cmex/m/n on input line 44.
LaTeX Font Info:    ... okay on input line 44.
LaTeX Font Info:    Checking defaults for U/cmr/m/n on input line 44.
LaTeX Font Info:    ... okay on input line 44.
LaTeX Font Info:    Trying to load font information for U+msa on input line 44.
 (/nix/store/wlrmmxnhj6byn88ag8sdckhlbr5bpk24-texlive-combined-full-2023-final-texmfdist/tex/latex/amsfonts/umsa.fd
File: umsa.fd 2013/01/14 v3.01 AMS symbols A
)
LaTeX Font Info:    Trying to load font information for U+msb on input line 44.
 (/nix/store/wlrmmxnhj6byn88ag8sdckhlbr5bpk24-texlive-combined-full-2023-final-texmfdist/tex/latex/amsfonts/umsb.fd
File: umsb.fd 2013/01/14 v3.01 AMS symbols B
)
*geometry* driver: auto-detecting
*geometry* detected driver: pdftex
*geometry* verbose mode - [ preamble ] result:
* driver: pdftex
* paper: a4paper
* layout: <same size as paper>
* layoutoffset:(h,v)=(0.0pt,0.0pt)
* modes: twoside 
* h-part:(L,W,R)=(85.35826pt, 426.79135pt, 85.35826pt)
* v-part:(T,H,B)=(101.40665pt, 591.5302pt, 152.11pt)
* \paperwidth=597.50787pt
* \paperheight=845.04684pt
* \textwidth=426.79135pt
* \textheight=662.66208pt
* \oddsidemargin=13.08827pt
* \evensidemargin=13.08827pt
* \topmargin=7.13666pt
* \headheight=8.0pt
* \headsep=14.0pt
* \topskip=10.0pt
* \footskip=12.0pt
* \marginparwidth=90.0pt
* \marginparsep=11.0pt
* \columnsep=10.0pt
* \skip\footins=7.0pt plus 11.0pt
* \hoffset=0.0pt
* \voffset=0.0pt
* \mag=1000
* \@twocolumnfalse
* \@twosidetrue
* \@mparswitchtrue
* \@reversemarginfalse
* (1in=72.27pt=25.4mm, 1cm=28.453pt)

./hw02.tex:48: Undefined control sequence.
l.48 \printanswers
                  
The control sequence at the end of the top line
of your error message was never \def'ed. If you have
misspelled it (e.g., `\hobx'), type `I' and the correct
spelling (e.g., `I\hbox'). Otherwise just continue,
and I'll forget about whatever was undefined.

[1{/nix/store/zwv0d2m388zys04yxxpkyzr7cv90ysay-texlive-combined-full-2023-final/share/texmf-var/fonts/map/pdftex/updmap/pdftex.map}] [2] (./hw02.aux)
 ***********
LaTeX2e <2023-11-01> patch level 1
L3 programming layer <2024-02-20>
 ***********
 ) 
Here is how much of TeX's memory you used:
 2842 strings out of 474116
 41418 string characters out of 5717523
 1947187 words of memory out of 5000000
 25054 multiletter control sequences out of 15000+600000
 566547 words of font info for 69 fonts, out of 8000000 for 9000
 1302 hyphenation exceptions out of 8191
 71i,7n,79p,262b,261s stack positions out of 10000i,1000n,20000p,200000b,200000s
</nix/store/wlrmmxnhj6byn88ag8sdckhlbr5bpk24-texlive-combined-full-2023-final-texmfdist/fonts/type1/public/amsfonts/cm/cmbx12.pfb></nix/store/wlrmmxnhj6byn88ag8sdckhlbr5bpk24-texlive-combined-full-2023-final-texmfdist/fonts/type1/public/amsfonts/cm/cmcsc10.pfb></nix/store/wlrmmxnhj6byn88ag8sdckhlbr5bpk24-texlive-combined-full-2023-final-texmfdist/fonts/type1/public/amsfonts/cm/cmex10.pfb></nix/store/wlrmmxnhj6byn88ag8sdckhlbr5bpk24-texlive-combined-full-2023-final-texmfdist/fonts/type1/public/amsfonts/cm/cmmi12.pfb></nix/store/wlrmmxnhj6byn88ag8sdckhlbr5bpk24-texlive-combined-full-2023-final-texmfdist/fonts/type1/public/amsfonts/cm/cmmi8.pfb></nix/store/wlrmmxnhj6byn88ag8sdckhlbr5bpk24-texlive-combined-full-2023-final-texmfdist/fonts/type1/public/amsfonts/cm/cmr10.pfb></nix/store/wlrmmxnhj6byn88ag8sdckhlbr5bpk24-texlive-combined-full-2023-final-texmfdist/fonts/type1/public/amsfonts/cm/cmr12.pfb></nix/store/wlrmmxnhj6byn88ag8sdckhlbr5bpk24-texlive-combined-full-2023-final-texmfdist/fonts/type1/public/amsfonts/cm/cmr8.pfb></nix/store/wlrmmxnhj6byn88ag8sdckhlbr5bpk24-texlive-combined-full-2023-final-texmfdist/fonts/type1/public/amsfonts/cm/cmr9.pfb></nix/store/wlrmmxnhj6byn88ag8sdckhlbr5bpk24-texlive-combined-full-2023-final-texmfdist/fonts/type1/public/amsfonts/cm/cmsy10.pfb></nix/store/wlrmmxnhj6byn88ag8sdckhlbr5bpk24-texlive-combined-full-2023-final-texmfdist/fonts/type1/public/amsfonts/cm/cmsy8.pfb></nix/store/wlrmmxnhj6byn88ag8sdckhlbr5bpk24-texlive-combined-full-2023-final-texmfdist/fonts/type1/public/amsfonts/symbols/msbm10.pfb>
Output written on hw02.pdf (2 pages, 125654 bytes).
PDF statistics:
 71 PDF objects out of 1000 (max. 8388607)
 42 compressed objects within 1 object stream
 0 named destinations out of 1000 (max. 500000)
 1 words of extra memory for PDF output out of 10000 (max. 10000000)

